\BOOKMARK [1][-]{section.1}{\376\377\000V\000I\000M}{}% 1
\BOOKMARK [2][-]{subsection.1.1}{\376\377\000G\000l\000o\000b\000a\000l}{section.1}% 2
\BOOKMARK [2][-]{subsection.1.2}{\376\377\000C\000u\000r\000s\000o\000r\000\040\000M\000o\000v\000e\000m\000e\000n\000t}{section.1}% 3
\BOOKMARK [2][-]{subsection.1.3}{\376\377\000I\000n\000s\000e\000r\000t\000\040\000M\000o\000d\000e}{section.1}% 4
\BOOKMARK [2][-]{subsection.1.4}{\376\377\000E\000d\000i\000t\000i\000n\000g}{section.1}% 5
\BOOKMARK [2][-]{subsection.1.5}{\376\377\000V\000i\000s\000u\000a\000l\000\040\000M\000o\000d\000e}{section.1}% 6
\BOOKMARK [2][-]{subsection.1.6}{\376\377\000C\000u\000t\000\040\000a\000n\000d\000\040\000P\000a\000s\000t\000e}{section.1}% 7
\BOOKMARK [2][-]{subsection.1.7}{\376\377\000E\000x\000i\000t\000i\000n\000g}{section.1}% 8
\BOOKMARK [2][-]{subsection.1.8}{\376\377\000S\000e\000a\000r\000c\000h\000\040\000a\000n\000d\000\040\000R\000e\000p\000l\000a\000c\000e}{section.1}% 9
\BOOKMARK [3][-]{subsubsection.1.8.1}{\376\377\000S\000e\000a\000r\000c\000h}{subsection.1.8}% 10
\BOOKMARK [3][-]{subsubsection.1.8.2}{\376\377\000R\000e\000p\000l\000a\000c\000e}{subsection.1.8}% 11
\BOOKMARK [2][-]{subsection.1.9}{\376\377\000S\000e\000s\000s\000i\000o\000n\000s}{section.1}% 12
\BOOKMARK [2][-]{subsection.1.10}{\376\377\000M\000i\000s\000c\000e\000l\000l\000a\000n\000e\000o\000u\000s}{section.1}% 13
\BOOKMARK [2][-]{subsection.1.11}{\376\377\000M\000a\000r\000k\000s}{section.1}% 14
\BOOKMARK [2][-]{subsection.1.12}{\376\377\000M\000u\000l\000t\000i\000p\000l\000e\000\040\000T\000a\000b\000s\000\040\000a\000n\000d\000\040\000w\000i\000n\000d\000o\000w\000s}{section.1}% 15
\BOOKMARK [2][-]{subsection.1.13}{\376\377\000S\000e\000a\000r\000c\000h\000\040\000i\000n\000\040\000M\000u\000l\000t\000i\000p\000l\000e\000\040\000F\000i\000l\000e\000s}{section.1}% 16
\BOOKMARK [2][-]{subsection.1.14}{\376\377\000R\000e\000g\000i\000s\000t\000e\000r\000s}{section.1}% 17
\BOOKMARK [2][-]{subsection.1.15}{\376\377\000M\000a\000c\000r\000o\000s}{section.1}% 18
\BOOKMARK [2][-]{subsection.1.16}{\376\377\000O\000p\000e\000n\000i\000n\000g\000\040\000a\000\040\000f\000i\000l\000e\000\040\000f\000r\000o\000m\000\040\000a\000n\000o\000t\000h\000e\000r\000\040\000f\000o\000l\000d\000e\000r\000\040\000w\000h\000i\000l\000e\000\040\000b\000e\000i\000n\000g\000\040\000i\000n\000s\000i\000d\000e\000\040\000V\000I\000M}{section.1}% 19
\BOOKMARK [1][-]{section.2}{\376\377\000T\000e\000r\000m\000i\000n\000a\000l}{}% 20
\BOOKMARK [1][-]{section.3}{\376\377\000c\000r\000o\000n\000t\000a\000b}{}% 21
\BOOKMARK [1][-]{section.4}{\376\377\000R\000S\000Y\000N\000C}{}% 22
\BOOKMARK [1][-]{section.5}{\376\377\000V\000S\000\040\000C\000o\000d\000e}{}% 23
\BOOKMARK [1][-]{section.6}{\376\377\000G\000I\000T}{}% 24
\BOOKMARK [1][-]{section.7}{\376\377\000A\000c\000t\000i\000v\000e\000\040\000A\000l\000i\000a\000s\000e\000s\000\040\000i\000n\000\040\000.\000b\000a\000s\000h\000\040\000\137\000a\000l\000i\000a\000s\000e\000s\000\040\000f\000i\000l\000e}{}% 25
